\BOOKMARK [0][-]{chapter*.1}{\376\377\000E\000i\000d\000e\000s\000s\000t\000a\000t\000t\000l\000i\000c\000h\000e\000\040\000E\000r\000k\000l\000\344\000r\000u\000n\000g}{}% 1
\BOOKMARK [0][-]{chapter*.2}{\376\377\000K\000u\000r\000z\000f\000a\000s\000s\000u\000n\000g}{}% 2
\BOOKMARK [0][-]{chapter*.3}{\376\377\000A\000b\000s\000t\000r\000a\000c\000t}{}% 3
\BOOKMARK [0][-]{chapter*.5}{\376\377\000A\000b\000b\000i\000l\000d\000u\000n\000g\000s\000v\000e\000r\000z\000e\000i\000c\000h\000n\000i\000s}{}% 4
\BOOKMARK [0][-]{chapter*.6}{\376\377\000T\000a\000b\000e\000l\000l\000e\000n\000v\000e\000r\000z\000e\000i\000c\000h\000n\000i\000s}{}% 5
\BOOKMARK [0][-]{chapter*.7}{\376\377\000S\000y\000m\000b\000o\000l\000v\000e\000r\000z\000e\000i\000c\000h\000n\000i\000s}{}% 6
\BOOKMARK [0][-]{chapter*.8}{\376\377\000A\000b\000k\000\374\000r\000z\000u\000n\000g\000s\000v\000e\000r\000z\000e\000i\000c\000h\000n\000i\000s}{}% 7
\BOOKMARK [0][-]{chapter.1}{\376\377\0001\000\040\000E\000i\000n\000l\000e\000i\000t\000u\000n\000g}{}% 8
\BOOKMARK [1][-]{section.1.1}{\376\377\0001\000.\0001\000\040\000M\000o\000t\000i\000v\000a\000t\000i\000o\000n}{chapter.1}% 9
\BOOKMARK [1][-]{section.1.2}{\376\377\0001\000.\0002\000\040\000P\000r\000o\000b\000l\000e\000m\000s\000t\000e\000l\000l\000u\000n\000g}{chapter.1}% 10
\BOOKMARK [1][-]{section.1.3}{\376\377\0001\000.\0003\000\040\000Z\000i\000e\000l\000s\000e\000t\000z\000u\000n\000g\000\040\000u\000n\000d\000\040\000F\000o\000r\000s\000c\000h\000u\000n\000g\000s\000f\000r\000a\000g\000e\000n}{chapter.1}% 11
\BOOKMARK [1][-]{section.1.4}{\376\377\0001\000.\0004\000\040\000A\000u\000f\000b\000a\000u\000\040\000d\000e\000r\000\040\000A\000r\000b\000e\000i\000t}{chapter.1}% 12
\BOOKMARK [0][-]{chapter.2}{\376\377\0002\000\040\000G\000r\000u\000n\000d\000l\000a\000g\000e\000n\000\040\000d\000e\000r\000\040\000L\000a\000s\000t\000f\000l\000u\000s\000s\000b\000e\000r\000e\000c\000h\000n\000u\000n\000g}{}% 13
\BOOKMARK [1][-]{section.2.1}{\376\377\0002\000.\0001\000\040\000N\000e\000t\000z\000m\000o\000d\000e\000l\000l\000\040\000u\000n\000d\000\040\000K\000n\000o\000t\000e\000n\000t\000y\000p\000e\000n}{chapter.2}% 14
\BOOKMARK [2][-]{subsection.2.1.1}{\376\377\0002\000.\0001\000.\0001\000\040\000D\000i\000e\000\040\000A\000d\000m\000i\000t\000t\000a\000n\000z\000m\000a\000t\000r\000i\000x}{section.2.1}% 15
\BOOKMARK [2][-]{subsection.2.1.2}{\376\377\0002\000.\0001\000.\0002\000\040\000K\000o\000m\000p\000l\000e\000x\000e\000\040\000L\000e\000i\000s\000t\000u\000n\000g\000\040\000u\000n\000d\000\040\000S\000p\000a\000n\000n\000u\000n\000g\000s\000d\000a\000r\000s\000t\000e\000l\000l\000u\000n\000g}{section.2.1}% 16
\BOOKMARK [2][-]{subsection.2.1.3}{\376\377\0002\000.\0001\000.\0003\000\040\000K\000n\000o\000t\000e\000n\000t\000y\000p\000e\000n}{section.2.1}% 17
\BOOKMARK [2][-]{subsection.2.1.4}{\376\377\0002\000.\0001\000.\0004\000\040\000D\000a\000s\000\040\000Z\000I\000P\000-\000L\000a\000s\000t\000m\000o\000d\000e\000l\000l}{section.2.1}% 18
\BOOKMARK [1][-]{section.2.2}{\376\377\0002\000.\0002\000\040\000N\000e\000w\000t\000o\000n\000-\000R\000a\000p\000h\000s\000o\000n\000-\000V\000e\000r\000f\000a\000h\000r\000e\000n}{chapter.2}% 19
\BOOKMARK [2][-]{subsection.2.2.1}{\376\377\0002\000.\0002\000.\0001\000\040\000D\000i\000e\000\040\000p\000o\000l\000a\000r\000e\000\040\000S\000t\000a\000n\000d\000a\000r\000d\000-\000F\000o\000r\000m\000u\000l\000i\000e\000r\000u\000n\000g}{section.2.2}% 20
\BOOKMARK [2][-]{subsection.2.2.2}{\376\377\0002\000.\0002\000.\0002\000\040\000U\000n\000b\000e\000k\000a\000n\000n\000t\000e\000\040\000u\000n\000d\000\040\000G\000l\000e\000i\000c\000h\000u\000n\000g\000e\000n}{section.2.2}% 21
\BOOKMARK [2][-]{subsection.2.2.3}{\376\377\0002\000.\0002\000.\0003\000\040\000I\000t\000e\000r\000a\000t\000i\000o\000n\000s\000v\000o\000r\000s\000c\000h\000r\000i\000f\000t}{section.2.2}% 22
\BOOKMARK [2][-]{subsection.2.2.4}{\376\377\0002\000.\0002\000.\0004\000\040\000D\000i\000e\000\040\000J\000a\000c\000o\000b\000i\000-\000M\000a\000t\000r\000i\000x\000\040\000i\000n\000\040\000B\000l\000o\000c\000k\000f\000o\000r\000m}{section.2.2}% 23
\BOOKMARK [2][-]{subsection.2.2.5}{\376\377\0002\000.\0002\000.\0005\000\040\000E\000l\000e\000m\000e\000n\000t\000e\000\040\000d\000e\000r\000\040\000J\000a\000c\000o\000b\000i\000-\000M\000a\000t\000r\000i\000x}{section.2.2}% 24
\BOOKMARK [2][-]{subsection.2.2.6}{\376\377\0002\000.\0002\000.\0006\000\040\000D\000a\000s\000\040\000v\000o\000l\000l\000s\000t\000\344\000n\000d\000i\000g\000e\000\040\000N\000e\000w\000t\000o\000n\000-\000R\000a\000p\000h\000s\000o\000n\000-\000S\000y\000s\000t\000e\000m}{section.2.2}% 25
\BOOKMARK [2][-]{subsection.2.2.7}{\376\377\0002\000.\0002\000.\0007\000\040\000B\000e\000h\000a\000n\000d\000l\000u\000n\000g\000\040\000v\000o\000n\000\040\000P\000V\000-\000K\000n\000o\000t\000e\000n}{section.2.2}% 26
\BOOKMARK [2][-]{subsection.2.2.8}{\376\377\0002\000.\0002\000.\0008\000\040\000Q\000-\000L\000i\000m\000i\000t\000s\000\040\000u\000n\000d\000\040\000P\000V\000-\000z\000u\000-\000P\000Q\000-\000U\000m\000w\000a\000n\000d\000l\000u\000n\000g}{section.2.2}% 27
\BOOKMARK [2][-]{subsection.2.2.9}{\376\377\0002\000.\0002\000.\0009\000\040\000K\000o\000n\000v\000e\000r\000g\000e\000n\000z\000e\000i\000g\000e\000n\000s\000c\000h\000a\000f\000t\000e\000n}{section.2.2}% 28
\BOOKMARK [2][-]{subsection.2.2.10}{\376\377\0002\000.\0002\000.\0001\0000\000\040\000G\000r\000e\000n\000z\000e\000n\000\040\000d\000e\000s\000\040\000N\000e\000w\000t\000o\000n\000-\000R\000a\000p\000h\000s\000o\000n\000-\000V\000e\000r\000f\000a\000h\000r\000e\000n\000s}{section.2.2}% 29
\BOOKMARK [1][-]{section.2.3}{\376\377\0002\000.\0003\000\040\000C\000u\000r\000r\000e\000n\000t\000\040\000I\000n\000j\000e\000c\000t\000i\000o\000n\000\040\000M\000e\000t\000h\000o\000d\000\040\000u\000n\000d\000\040\000P\000V\000-\000B\000e\000h\000a\000n\000d\000l\000u\000n\000g}{chapter.2}% 30
\BOOKMARK [2][-]{subsection.2.3.1}{\376\377\0002\000.\0003\000.\0001\000\040\000S\000t\000r\000o\000m\000m\000i\000s\000m\000a\000t\000c\000h\000-\000F\000o\000r\000m\000u\000l\000i\000e\000r\000u\000n\000g}{section.2.3}% 31
\BOOKMARK [2][-]{subsection.2.3.2}{\376\377\0002\000.\0003\000.\0002\000\040\000J\000a\000c\000o\000b\000i\000-\000M\000a\000t\000r\000i\000x\000\040\000d\000e\000r\000\040\000C\000I\000M}{section.2.3}% 32
\BOOKMARK [2][-]{subsection.2.3.3}{\376\377\0002\000.\0003\000.\0003\000\040\000B\000e\000h\000a\000n\000d\000l\000u\000n\000g\000\040\000v\000o\000n\000\040\000P\000V\000-\000K\000n\000o\000t\000e\000n\000\040\000i\000n\000\040\000d\000e\000r\000\040\000C\000I\000M}{section.2.3}% 33
\BOOKMARK [2][-]{subsection.2.3.4}{\376\377\0002\000.\0003\000.\0004\000\040\000Q\000-\000L\000i\000m\000i\000t\000s\000\040\000u\000n\000d\000\040\000P\000V\000-\000z\000u\000-\000P\000Q\000-\000U\000m\000w\000a\000n\000d\000l\000u\000n\000g}{section.2.3}% 34
\BOOKMARK [1][-]{section.2.4}{\376\377\0002\000.\0004\000\040\000F\000i\000x\000e\000d\000-\000P\000o\000i\000n\000t\000-\000I\000t\000e\000r\000a\000t\000i\000o\000n\000\040\000u\000n\000d\000\040\000K\000o\000n\000v\000e\000r\000g\000e\000n\000z}{chapter.2}% 35
\BOOKMARK [2][-]{subsection.2.4.1}{\376\377\0002\000.\0004\000.\0001\000\040\000L\000a\000u\000r\000e\000n\000t\000-\000R\000e\000i\000h\000e\000n\000-\000A\000p\000p\000r\000o\000x\000i\000m\000a\000t\000i\000o\000n}{section.2.4}% 36
\BOOKMARK [2][-]{subsection.2.4.2}{\376\377\0002\000.\0004\000.\0002\000\040\000H\000e\000r\000l\000e\000i\000t\000u\000n\000g\000\040\000d\000e\000s\000\040\000F\000P\000I\000-\000A\000l\000g\000o\000r\000i\000t\000h\000m\000u\000s}{section.2.4}% 37
\BOOKMARK [2][-]{subsection.2.4.3}{\376\377\0002\000.\0004\000.\0003\000\040\000D\000i\000e\000\040\000S\000u\000c\000c\000e\000s\000s\000i\000v\000e\000\040\000A\000p\000p\000r\000o\000x\000i\000m\000a\000t\000i\000o\000n\000\040\000M\000e\000t\000h\000o\000d\000\040\000\050\000S\000A\000M\000\051}{section.2.4}% 38
\BOOKMARK [2][-]{subsection.2.4.4}{\376\377\0002\000.\0004\000.\0004\000\040\000K\000o\000n\000v\000e\000r\000g\000e\000n\000z\000b\000e\000w\000e\000i\000s\000\040\000m\000i\000t\000t\000e\000l\000s\000\040\000B\000a\000n\000a\000c\000h\000-\000F\000i\000x\000p\000u\000n\000k\000t\000s\000a\000t\000z}{section.2.4}% 39
\BOOKMARK [2][-]{subsection.2.4.5}{\376\377\0002\000.\0004\000.\0005\000\040\000P\000h\000y\000s\000i\000k\000a\000l\000i\000s\000c\000h\000e\000\040\000I\000n\000t\000e\000r\000p\000r\000e\000t\000a\000t\000i\000o\000n\000\040\000d\000e\000r\000\040\000K\000o\000n\000v\000e\000r\000g\000e\000n\000z\000b\000e\000d\000i\000n\000g\000u\000n\000g}{section.2.4}% 40
\BOOKMARK [0][-]{chapter.3}{\376\377\0003\000\040\000D\000e\000r\000\040\000T\000e\000n\000s\000o\000r\000\040\000P\000o\000w\000e\000r\000\040\000F\000l\000o\000w}{}% 41
\BOOKMARK [1][-]{section.3.1}{\376\377\0003\000.\0001\000\040\000G\000r\000u\000n\000d\000a\000l\000g\000o\000r\000i\000t\000h\000m\000u\000s}{chapter.3}% 42
\BOOKMARK [1][-]{section.3.2}{\376\377\0003\000.\0002\000\040\000D\000e\000n\000s\000e\000-\000\040\000u\000n\000d\000\040\000S\000p\000a\000r\000s\000e\000-\000F\000o\000r\000m\000u\000l\000i\000e\000r\000u\000n\000g}{chapter.3}% 43
\BOOKMARK [2][-]{subsection.3.2.1}{\376\377\0003\000.\0002\000.\0001\000\040\000M\000o\000t\000i\000v\000a\000t\000i\000o\000n\000:\000\040\000D\000e\000r\000\040\000T\000e\000n\000s\000o\000r\000\040\000d\000e\000r\000\040\000L\000a\000s\000t\000d\000a\000t\000e\000n}{section.3.2}% 44
\BOOKMARK [2][-]{subsection.3.2.2}{\376\377\0003\000.\0002\000.\0002\000\040\000D\000e\000n\000s\000e\000-\000F\000o\000r\000m\000u\000l\000i\000e\000r\000u\000n\000g}{section.3.2}% 45
\BOOKMARK [2][-]{subsection.3.2.3}{\376\377\0003\000.\0002\000.\0003\000\040\000S\000p\000a\000r\000s\000e\000-\000F\000o\000r\000m\000u\000l\000i\000e\000r\000u\000n\000g}{section.3.2}% 46
\BOOKMARK [1][-]{section.3.3}{\376\377\0003\000.\0003\000\040\000L\000i\000m\000i\000t\000a\000t\000i\000o\000n\000:\000\040\000K\000e\000i\000n\000e\000\040\000P\000V\000-\000K\000n\000o\000t\000e\000n}{chapter.3}% 47
\BOOKMARK [2][-]{subsection.3.3.1}{\376\377\0003\000.\0003\000.\0001\000\040\000W\000a\000r\000u\000m\000\040\000P\000V\000-\000K\000n\000o\000t\000e\000n\000\040\000d\000i\000e\000s\000e\000\040\000A\000n\000n\000a\000h\000m\000e\000\040\000v\000e\000r\000l\000e\000t\000z\000e\000n}{section.3.3}% 48
\BOOKMARK [0][-]{chapter.4}{\376\377\0004\000\040\000M\000e\000t\000h\000o\000d\000e\000n\000\040\000z\000u\000r\000\040\000P\000V\000-\000K\000n\000o\000t\000e\000n\000-\000I\000n\000t\000e\000g\000r\000a\000t\000i\000o\000n\000\040\000i\000m\000\040\000T\000e\000n\000s\000o\000r\000\040\000P\000o\000w\000e\000r\000\040\000F\000l\000o\000w}{}% 49
\BOOKMARK [1][-]{section.4.1}{\376\377\0004\000.\0001\000\040\000A\000n\000a\000l\000y\000s\000e\000\040\000d\000e\000r\000\040\000A\000u\000s\000w\000i\000r\000k\000u\000n\000g\000\040\000v\000o\000n\000\040\000P\000V\000-\000K\000n\000o\000t\000e\000n\000\040\000a\000u\000f\000\040\000d\000i\000e\000\040\000F\000P\000I\000-\000S\000t\000r\000u\000k\000t\000u\000r}{chapter.4}% 50
\BOOKMARK [2][-]{subsection.4.1.1}{\376\377\0004\000.\0001\000.\0001\000\040\000W\000e\000l\000c\000h\000e\000\040\000M\000a\000t\000r\000i\000z\000e\000n\000\040\000w\000e\000r\000d\000e\000n\000\040\000v\000o\000n\000\040\000Q\000-\000\304\000n\000d\000e\000r\000u\000n\000g\000e\000n\000\040\000b\000e\000e\000i\000n\000f\000l\000u\000s\000s\000t\000?}{section.4.1}% 51
\BOOKMARK [2][-]{subsection.4.1.2}{\376\377\0004\000.\0001\000.\0002\000\040\000U\000m\000s\000c\000h\000r\000e\000i\000b\000u\000n\000g\000\040\000d\000e\000r\000\040\000I\000t\000e\000r\000a\000t\000i\000o\000n}{section.4.1}% 52
\BOOKMARK [2][-]{subsection.4.1.3}{\376\377\0004\000.\0001\000.\0003\000\040\000K\000o\000n\000s\000e\000q\000u\000e\000n\000z\000e\000n\000\040\000f\000\374\000r\000\040\000d\000e\000n\000\040\000K\000o\000n\000v\000e\000r\000g\000e\000n\000z\000b\000e\000w\000e\000i\000s}{section.4.1}% 53
\BOOKMARK [1][-]{section.4.2}{\376\377\0004\000.\0002\000\040\000M\000e\000t\000h\000o\000d\000e\000\040\000A\000:\000\040\000\304\000u\000\337\000e\000r\000e\000\040\000Q\000-\000S\000c\000h\000l\000e\000i\000f\000e}{chapter.4}% 54
\BOOKMARK [2][-]{subsection.4.2.1}{\376\377\0004\000.\0002\000.\0001\000\040\000G\000r\000u\000n\000d\000i\000d\000e\000e}{section.4.2}% 55
\BOOKMARK [2][-]{subsection.4.2.2}{\376\377\0004\000.\0002\000.\0002\000\040\000H\000e\000r\000l\000e\000i\000t\000u\000n\000g\000\040\000d\000e\000r\000\040\000Q\000-\000K\000o\000r\000r\000e\000k\000t\000u\000r\000f\000o\000r\000m\000e\000l}{section.4.2}% 56
\BOOKMARK [2][-]{subsection.4.2.3}{\376\377\0004\000.\0002\000.\0003\000\040\000E\000i\000g\000e\000n\000s\000c\000h\000a\000f\000t\000e\000n\000\040\000d\000e\000r\000\040\000K\000o\000r\000r\000e\000k\000t\000u\000r\000f\000o\000r\000m\000e\000l}{section.4.2}% 57
\BOOKMARK [2][-]{subsection.4.2.4}{\376\377\0004\000.\0002\000.\0004\000\040\000A\000l\000g\000o\000r\000i\000t\000h\000m\000u\000s}{section.4.2}% 58
\BOOKMARK [2][-]{subsection.4.2.5}{\376\377\0004\000.\0002\000.\0005\000\040\000R\000e\000c\000h\000e\000n\000t\000e\000c\000h\000n\000i\000s\000c\000h\000e\000\040\000B\000e\000t\000r\000a\000c\000h\000t\000u\000n\000g}{section.4.2}% 59
\BOOKMARK [1][-]{section.4.3}{\376\377\0004\000.\0003\000\040\000M\000e\000t\000h\000o\000d\000e\000\040\000B\000:\000\040\000E\000i\000n\000g\000e\000b\000e\000t\000t\000e\000t\000e\000\040\000Q\000-\000K\000o\000r\000r\000e\000k\000t\000u\000r}{chapter.4}% 60
\BOOKMARK [2][-]{subsection.4.3.1}{\376\377\0004\000.\0003\000.\0001\000\040\000G\000r\000u\000n\000d\000i\000d\000e\000e}{section.4.3}% 61
\BOOKMARK [2][-]{subsection.4.3.2}{\376\377\0004\000.\0003\000.\0002\000\040\000M\000a\000t\000h\000e\000m\000a\000t\000i\000s\000c\000h\000e\000\040\000F\000o\000r\000m\000u\000l\000i\000e\000r\000u\000n\000g}{section.4.3}% 62
\BOOKMARK [2][-]{subsection.4.3.3}{\376\377\0004\000.\0003\000.\0003\000\040\000A\000l\000g\000o\000r\000i\000t\000h\000m\000u\000s}{section.4.3}% 63
\BOOKMARK [2][-]{subsection.4.3.4}{\376\377\0004\000.\0003\000.\0004\000\040\000E\000i\000g\000e\000n\000s\000c\000h\000a\000f\000t\000e\000n\000\040\000u\000n\000d\000\040\000D\000i\000s\000k\000u\000s\000s\000i\000o\000n}{section.4.3}% 64
\BOOKMARK [1][-]{section.4.4}{\376\377\0004\000.\0004\000\040\000T\000e\000n\000s\000o\000r\000f\000o\000r\000m\000u\000l\000i\000e\000r\000u\000n\000g\000\040\000d\000e\000r\000\040\000M\000e\000t\000h\000o\000d\000e\000n}{chapter.4}% 65
\BOOKMARK [2][-]{subsection.4.4.1}{\376\377\0004\000.\0004\000.\0001\000\040\000R\000e\000c\000a\000p\000:\000\040\000T\000e\000n\000s\000o\000r\000-\000R\000e\000s\000h\000a\000p\000e\000\040\000u\000n\000d\000\040\000a\000l\000l\000g\000e\000m\000e\000i\000n\000e\000\040\000F\000P\000I}{section.4.4}% 66
\BOOKMARK [2][-]{subsection.4.4.2}{\376\377\0004\000.\0004\000.\0002\000\040\000U\000m\000f\000o\000r\000m\000u\000l\000i\000e\000r\000u\000n\000g\000\040\000f\000\374\000r\000\040\000d\000e\000n\000\040\000T\000e\000n\000s\000o\000r\000-\000F\000a\000l\000l}{section.4.4}% 67
\BOOKMARK [2][-]{subsection.4.4.3}{\376\377\0004\000.\0004\000.\0003\000\040\000T\000e\000n\000s\000o\000r\000f\000o\000r\000m\000u\000l\000i\000e\000r\000u\000n\000g\000\040\000v\000o\000n\000\040\000M\000e\000t\000h\000o\000d\000e\000\040\000A}{section.4.4}% 68
\BOOKMARK [2][-]{subsection.4.4.4}{\376\377\0004\000.\0004\000.\0004\000\040\000T\000e\000n\000s\000o\000r\000f\000o\000r\000m\000u\000l\000i\000e\000r\000u\000n\000g\000\040\000v\000o\000n\000\040\000M\000e\000t\000h\000o\000d\000e\000\040\000B}{section.4.4}% 69
\BOOKMARK [2][-]{subsection.4.4.5}{\376\377\0004\000.\0004\000.\0005\000\040\000G\000e\000s\000a\000m\000t\000v\000e\000r\000g\000l\000e\000i\000c\000h\000\040\000d\000e\000r\000\040\000T\000e\000n\000s\000o\000r\000-\000O\000p\000e\000r\000a\000t\000i\000o\000n\000e\000n}{section.4.4}% 70
\BOOKMARK [2][-]{subsection.4.4.6}{\376\377\0004\000.\0004\000.\0006\000\040\000Z\000u\000s\000a\000m\000m\000e\000n\000f\000a\000s\000s\000u\000n\000g\000:\000\040\000W\000a\000r\000u\000m\000\040\000d\000i\000e\000\040\000P\000a\000r\000a\000l\000l\000e\000l\000i\000s\000i\000e\000r\000u\000n\000g\000\040\000e\000r\000h\000a\000l\000t\000e\000n\000\040\000b\000l\000e\000i\000b\000t}{section.4.4}% 71
\BOOKMARK [0][-]{chapter.5}{\376\377\0005\000\040\000I\000m\000p\000l\000e\000m\000e\000n\000t\000i\000e\000r\000u\000n\000g\000\040\000u\000n\000d\000\040\000T\000e\000s\000t\000d\000e\000s\000i\000g\000n}{}% 72
\BOOKMARK [1][-]{section.5.1}{\376\377\0005\000.\0001\000\040\000P\000r\000o\000g\000r\000a\000m\000m\000i\000e\000r\000s\000p\000r\000a\000c\000h\000e\000\040\000u\000n\000d\000\040\000B\000i\000b\000l\000i\000o\000t\000h\000e\000k\000e\000n}{chapter.5}% 73
\BOOKMARK [1][-]{section.5.2}{\376\377\0005\000.\0002\000\040\000T\000e\000s\000t\000n\000e\000t\000z\000e}{chapter.5}% 74
\BOOKMARK [1][-]{section.5.3}{\376\377\0005\000.\0003\000\040\000S\000z\000e\000n\000a\000r\000i\000e\000n\000\040\000u\000n\000d\000\040\000P\000a\000r\000a\000m\000e\000t\000e\000r}{chapter.5}% 75
\BOOKMARK [1][-]{section.5.4}{\376\377\0005\000.\0004\000\040\000R\000e\000f\000e\000r\000e\000n\000z\000m\000e\000t\000h\000o\000d\000e\000n}{chapter.5}% 76
\BOOKMARK [1][-]{section.5.5}{\376\377\0005\000.\0005\000\040\000B\000e\000w\000e\000r\000t\000u\000n\000g\000s\000m\000e\000t\000r\000i\000k\000e\000n}{chapter.5}% 77
\BOOKMARK [0][-]{chapter.6}{\376\377\0006\000\040\000E\000r\000g\000e\000b\000n\000i\000s\000s\000e\000\040\000u\000n\000d\000\040\000D\000i\000s\000k\000u\000s\000s\000i\000o\000n}{}% 78
\BOOKMARK [1][-]{section.6.1}{\376\377\0006\000.\0001\000\040\000V\000a\000l\000i\000d\000i\000e\000r\000u\000n\000g\000\040\000g\000e\000g\000e\000n\000\040\000N\000e\000w\000t\000o\000n\000-\000R\000a\000p\000h\000s\000o\000n\000-\000R\000e\000f\000e\000r\000e\000n\000z}{chapter.6}% 79
\BOOKMARK [1][-]{section.6.2}{\376\377\0006\000.\0002\000\040\000K\000o\000n\000v\000e\000r\000g\000e\000n\000z\000v\000e\000r\000h\000a\000l\000t\000e\000n}{chapter.6}% 80
\BOOKMARK [1][-]{section.6.3}{\376\377\0006\000.\0003\000\040\000R\000e\000c\000h\000e\000n\000z\000e\000i\000t\000:\000\040\000S\000k\000a\000l\000i\000e\000r\000u\000n\000g\000\040\000m\000i\000t\000\040\000N\000e\000t\000z\000g\000r\000\366\000\337\000e}{chapter.6}% 81
\BOOKMARK [1][-]{section.6.4}{\376\377\0006\000.\0004\000\040\000R\000e\000c\000h\000e\000n\000z\000e\000i\000t\000:\000\040\000S\000k\000a\000l\000i\000e\000r\000u\000n\000g\000\040\000m\000i\000t\000\040\000A\000n\000z\000a\000h\000l\000\040\000d\000e\000r\000\040\000L\000a\000s\000t\000f\000l\000\374\000s\000s\000e}{chapter.6}% 82
\BOOKMARK [1][-]{section.6.5}{\376\377\0006\000.\0005\000\040\000E\000i\000n\000f\000l\000u\000s\000s\000\040\000d\000e\000r\000\040\000A\000n\000z\000a\000h\000l\000\040\000d\000e\000r\000\040\000P\000V\000-\000K\000n\000o\000t\000e\000n}{chapter.6}% 83
\BOOKMARK [1][-]{section.6.6}{\376\377\0006\000.\0006\000\040\000G\000P\000U\000\040\000v\000s\000.\000\040\000C\000P\000U}{chapter.6}% 84
\BOOKMARK [1][-]{section.6.7}{\376\377\0006\000.\0007\000\040\000V\000e\000r\000g\000l\000e\000i\000c\000h\000\040\000d\000e\000r\000\040\000d\000r\000e\000i\000\040\000M\000e\000t\000h\000o\000d\000e\000n}{chapter.6}% 85
\BOOKMARK [1][-]{section.6.8}{\376\377\0006\000.\0008\000\040\000V\000e\000r\000g\000l\000e\000i\000c\000h\000\040\000m\000i\000t\000\040\000k\000o\000n\000v\000e\000n\000t\000i\000o\000n\000e\000l\000l\000e\000n\000\040\000V\000e\000r\000f\000a\000h\000r\000e\000n}{chapter.6}% 86
\BOOKMARK [0][-]{chapter.7}{\376\377\0007\000\040\000Z\000u\000s\000a\000m\000m\000e\000n\000f\000a\000s\000s\000u\000n\000g\000\040\000u\000n\000d\000\040\000A\000u\000s\000b\000l\000i\000c\000k}{}% 87
\BOOKMARK [1][-]{section.7.1}{\376\377\0007\000.\0001\000\040\000Z\000u\000s\000a\000m\000m\000e\000n\000f\000a\000s\000s\000u\000n\000g\000\040\000d\000e\000r\000\040\000E\000r\000g\000e\000b\000n\000i\000s\000s\000e}{chapter.7}% 88
\BOOKMARK [1][-]{section.7.2}{\376\377\0007\000.\0002\000\040\000B\000e\000w\000e\000r\000t\000u\000n\000g\000\040\000d\000e\000r\000\040\000M\000e\000t\000h\000o\000d\000e\000n}{chapter.7}% 89
\BOOKMARK [1][-]{section.7.3}{\376\377\0007\000.\0003\000\040\000A\000u\000s\000b\000l\000i\000c\000k}{chapter.7}% 90
\BOOKMARK [0][-]{chapter.8}{\376\377\0008\000\040\000I\000m\000p\000l\000e\000m\000e\000n\000t\000i\000e\000r\000u\000n\000g\000\040\000d\000e\000s\000\040\000T\000e\000n\000s\000o\000r\000\040\000P\000o\000w\000e\000r\000\040\000F\000l\000o\000w}{}% 91
\BOOKMARK [1][-]{section.8.1}{\376\377\0008\000.\0001\000\040\000\334\000b\000e\000r\000b\000l\000i\000c\000k\000:\000\040\000V\000o\000m\000\040\000N\000e\000t\000z\000m\000o\000d\000e\000l\000l\000\040\000z\000u\000r\000\040\000L\000\366\000s\000u\000n\000g}{chapter.8}% 92
\BOOKMARK [1][-]{section.8.2}{\376\377\0008\000.\0002\000\040\000P\000h\000a\000s\000e\000\040\0001\000:\000\040\000V\000o\000r\000b\000e\000r\000e\000c\000h\000n\000u\000n\000g\000\040\000d\000e\000r\000\040\000k\000o\000n\000s\000t\000a\000n\000t\000e\000n\000\040\000G\000r\000\366\000\337\000e\000n}{chapter.8}% 93
\BOOKMARK [2][-]{subsection.8.2.1}{\376\377\0008\000.\0002\000.\0001\000\040\000B\000e\000r\000e\000c\000h\000n\000u\000n\000g\000\040\000d\000e\000r\000\040\000B\000u\000s\000-\000I\000m\000p\000e\000d\000a\000n\000z\000m\000a\000t\000r\000i\000x\000\040\000Z\000B}{section.8.2}% 94
\BOOKMARK [2][-]{subsection.8.2.2}{\376\377\0008\000.\0002\000.\0002\000\040\000B\000e\000r\000e\000c\000h\000n\000u\000n\000g\000\040\000d\000e\000s\000\040\000K\000o\000n\000s\000t\000a\000n\000t\000v\000e\000k\000t\000o\000r\000s}{section.8.2}% 95
\BOOKMARK [1][-]{section.8.3}{\376\377\0008\000.\0003\000\040\000P\000h\000a\000s\000e\000\040\0002\000:\000\040\000I\000n\000i\000t\000i\000a\000l\000i\000s\000i\000e\000r\000u\000n\000g}{chapter.8}% 96
\BOOKMARK [2][-]{subsection.8.3.1}{\376\377\0008\000.\0003\000.\0001\000\040\000F\000l\000a\000t\000\040\000S\000t\000a\000r\000t\000\040\000d\000e\000r\000\040\000S\000p\000a\000n\000n\000u\000n\000g\000e\000n}{section.8.3}% 97
\BOOKMARK [2][-]{subsection.8.3.2}{\376\377\0008\000.\0003\000.\0002\000\040\000A\000u\000f\000b\000a\000u\000\040\000d\000e\000r\000\040\000L\000e\000e\000r\000l\000a\000u\000f\000s\000p\000a\000n\000n\000u\000n\000g\000s\000m\000a\000t\000r\000i}{section.8.3}% 98
\BOOKMARK [2][-]{subsection.8.3.3}{\376\377\0008\000.\0003\000.\0003\000\040\000A\000u\000f\000b\000a\000u\000\040\000d\000e\000r\000\040\000k\000o\000n\000j\000u\000g\000i\000e\000r\000t\000e\000n\000\040\000L\000e\000i\000s\000t\000u\000n\000g\000s\000m\000a\000t\000r\000i\000x\000\040\000*}{section.8.3}% 99
\BOOKMARK [2][-]{subsection.8.3.4}{\376\377\0008\000.\0003\000.\0004\000\040\000V\000o\000r\000b\000e\000r\000e\000c\000h\000n\000u\000n\000g\000\040\000v\000o\000n}{section.8.3}% 100
\BOOKMARK [1][-]{section.8.4}{\376\377\0008\000.\0004\000\040\000P\000h\000a\000s\000e\000\040\0003\000:\000\040\000D\000i\000e\000\040\000I\000t\000e\000r\000a\000t\000i\000o\000n\000s\000s\000c\000h\000l\000e\000i\000f\000e\000\040\000\050\000K\000e\000r\000n\000\040\000d\000e\000s\000\040\000T\000P\000F\000\051}{chapter.8}% 101
\BOOKMARK [2][-]{subsection.8.4.1}{\376\377\0008\000.\0004\000.\0001\000\040\000S\000c\000h\000r\000i\000t\000t\000\040\0003\000.\0001\000:\000\040\000E\000l\000e\000m\000e\000n\000t\000-\000w\000e\000i\000s\000e\000\040\000I\000n\000v\000e\000r\000s\000i\000o\000n\000\040\000d\000e\000r\000\040\000k\000o\000n\000j\000u\000g\000i\000e\000r\000t\000e\000n\000\040\000S\000p\000a\000n\000n\000u\000n\000g}{section.8.4}% 102
\BOOKMARK [2][-]{subsection.8.4.2}{\376\377\0008\000.\0004\000.\0002\000\040\000S\000c\000h\000r\000i\000t\000t\000\040\0003\000.\0002\000:\000\040\000B\000e\000r\000e\000c\000h\000n\000u\000n\000g\000\040\000d\000e\000s\000\040\000k\000o\000n\000j\000u\000g\000i\000e\000r\000t\000e\000n\000\040\000S\000t\000r\000o\000m\000s\000\040\000\050\000H\000a\000d\000a\000m\000a\000r\000d\000-\000P\000r\000o\000d\000u\000k\000t\000\051}{section.8.4}% 103
\BOOKMARK [2][-]{subsection.8.4.3}{\376\377\0008\000.\0004\000.\0003\000\040\000S\000c\000h\000r\000i\000t\000t\000\040\0003\000.\0003\000:\000\040\000D\000i\000e\000\040\000K\000e\000r\000n\000-\000I\000t\000e\000r\000a\000t\000i\000o\000n\000\040\000\050\000M\000a\000t\000r\000i\000x\000-\000M\000a\000t\000r\000i\000x\000-\000M\000u\000l\000t\000i\000p\000l\000i\000k\000a\000t\000i\000o\000n\000\051}{section.8.4}% 104
\BOOKMARK [2][-]{subsection.8.4.4}{\376\377\0008\000.\0004\000.\0004\000\040\000Z\000u\000s\000a\000m\000m\000e\000n\000f\000a\000s\000s\000u\000n\000g\000:\000\040\000E\000i\000n\000\040\000v\000o\000l\000l\000s\000t\000\344\000n\000d\000i\000g\000e\000r\000\040\000I\000t\000e\000r\000a\000t\000i\000o\000n\000s\000s\000c\000h\000r\000i\000t\000t}{section.8.4}% 105
\BOOKMARK [1][-]{section.8.5}{\376\377\0008\000.\0005\000\040\000P\000h\000a\000s\000e\000\040\0004\000:\000\040\000K\000o\000n\000v\000e\000r\000g\000e\000n\000z\000p\000r\000\374\000f\000u\000n\000g}{chapter.8}% 106
\BOOKMARK [2][-]{subsection.8.5.1}{\376\377\0008\000.\0005\000.\0001\000\040\000B\000e\000r\000e\000c\000h\000n\000u\000n\000g\000\040\000d\000e\000r\000\040\000a\000u\000s\000\040\000d\000e\000n\000\040\000S\000p\000a\000n\000n\000u\000n\000g\000e\000n\000\040\000r\000e\000s\000u\000l\000t\000i\000e\000r\000e\000n\000d\000e\000n\000\040\000L\000e\000i\000s\000t\000u\000n\000g}{section.8.5}% 107
\BOOKMARK [2][-]{subsection.8.5.2}{\376\377\0008\000.\0005\000.\0002\000\040\000B\000e\000r\000e\000c\000h\000n\000u\000n\000g\000\040\000d\000e\000s\000\040\000m\000a\000x\000i\000m\000a\000l\000e\000n\000\040\000M\000i\000s\000m\000a\000t\000c\000h\000e\000s}{section.8.5}% 108
\BOOKMARK [2][-]{subsection.8.5.3}{\376\377\0008\000.\0005\000.\0003\000\040\000A\000b\000b\000r\000u\000c\000h\000b\000e\000d\000i\000n\000g\000u\000n\000g}{section.8.5}% 109
\BOOKMARK [1][-]{section.8.6}{\376\377\0008\000.\0006\000\040\000D\000i\000e\000\040\000V\000o\000r\000z\000e\000i\000c\000h\000e\000n\000k\000o\000n\000v\000e\000n\000t\000i\000o\000n\000\040\000i\000m\000\040\000D\000e\000t\000a\000i\000l}{chapter.8}% 110
\BOOKMARK [1][-]{section.8.7}{\376\377\0008\000.\0007\000\040\000D\000i\000e\000\040\000T\000e\000n\000s\000o\000r\000-\000S\000t\000r\000u\000k\000t\000u\000r\000:\000\040\000W\000a\000r\000u\000m\000\040\000B\000a\000t\000c\000h\000\040\000s\000c\000h\000n\000e\000l\000l\000e\000r\000\040\000i\000s\000t}{chapter.8}% 111
\BOOKMARK [1][-]{section.8.8}{\376\377\0008\000.\0008\000\040\000Z\000u\000s\000a\000m\000m\000e\000n\000f\000a\000s\000s\000u\000n\000g\000:\000\040\000D\000e\000r\000\040\000v\000o\000l\000l\000s\000t\000\344\000n\000d\000i\000g\000e\000\040\000A\000l\000g\000o\000r\000i\000t\000h\000m\000u\000s}{chapter.8}% 112
\BOOKMARK [1][-]{section.8.9}{\376\377\0008\000.\0009\000\040\000C\000o\000d\000e\000-\000z\000u\000-\000M\000a\000t\000h\000e\000m\000a\000t\000i\000k\000-\000R\000e\000f\000e\000r\000e\000n\000z\000t\000a\000b\000e\000l\000l\000e}{chapter.8}% 113
\BOOKMARK [1][-]{section.8.10}{\376\377\0008\000.\0001\0000\000\040\000N\000u\000m\000e\000r\000i\000s\000c\000h\000e\000s\000\040\000B\000e\000i\000s\000p\000i\000e\000l\000:\000\040\0002\000-\000B\000u\000s\000-\000S\000y\000s\000t\000e\000m}{chapter.8}% 114
